22:50:12 **** Incremental Build of configuration Nios II for project elex_7660_project ****
make all 
Info: Building ../elex_7660_project_bsp/
C:/intelFPGA_lite/18.0/nios2eds/bin/gnu/H-x86_64-mingw32/bin/make --no-print-directory -C ../elex_7660_project_bsp/
[BSP build complete]
Info: Compiling graphic_top.c to obj/default/graphic_top.o
nios2-elf-gcc -xc -MP -MMD -c -I../elex_7660_project_bsp//HAL/inc -I../elex_7660_project_bsp/ -I../elex_7660_project_bsp//drivers/inc  -pipe -D__hal__ -DALT_NO_INSTRUCTION_EMULATION -DALT_SINGLE_THREADED    -O0 -g -Wall   -mno-hw-div -mno-hw-mul -mno-hw-mulx -mgpopt=global  -o obj/default/graphic_top.o graphic_top.c
In file included from graphic_top.c:8:0:
graphic_top.h: In function 'cursor_get_pos':
graphic_top.h:43:10: warning: unused variable 'adc_conv' [-Wunused-variable]
     char adc_conv  = (adc_val >> 12)/ADC_CONV_COEFF; 
          ^
graphic_top.c: In function 'main':
graphic_top.c:59:29: warning: passing argument 2 of 'cursor_get_pos' makes pointer from integer without a cast [-Wint-conversion]
   cursor_get_pos( &sCursor, *(int*)PIO_BASE);
                             ^
In file included from graphic_top.c:8:0:
graphic_top.h:40:6: note: expected 'int *' but argument is of type 'int'
 void cursor_get_pos(struct cursor *self, int *pi_base)
      ^
graphic_top.c:38:16: warning: unused variable 'data' [-Wunused-variable]
  unsigned char data;  // temporary storage of byte to be sent to display
                ^
Info: Linking elex_7660_project.elf
nios2-elf-g++  -T'../elex_7660_project_bsp//linker.x' -msys-crt0='../elex_7660_project_bsp//obj/HAL/src/crt0.o' -msys-lib=hal_bsp -L../elex_7660_project_bsp/   -Wl,-Map=elex_7660_project.map   -O0 -g -Wall   -mno-hw-div -mno-hw-mul -mno-hw-mulx -mgpopt=global  -o elex_7660_project.elf obj/default/graphic_top.o -lm -msys-lib=m
nios2-elf-insert elex_7660_project.elf --thread_model hal --cpu_name processor --qsys true --simulation_enabled false --stderr_dev jtag_uart --stdin_dev jtag_uart --stdout_dev jtag_uart --sopc_system_name processor --quartus_project_dir "C:/Users/retge/Documents/git_repo/elex7660_Project" --jdi ../..//output_files/elex7660_Project.jdi --sopcinfo C:/Users/retge/Documents/git_repo/elex7660_Project/software/elex_7660_project_bsp/../../processor.sopcinfo
Info: (elex_7660_project.elf) 29 KBytes program size (code + initialized data).
Info:                         1196 Bytes free for stack + heap.
Info: Creating elex_7660_project.objdump
nios2-elf-objdump --disassemble --syms --all-header --source elex_7660_project.elf >elex_7660_project.objdump
[elex_7660_project build complete]

22:50:14 Build Finished (took 2s.361ms)

